GROUP,PACKAGE,CLASS,INSTRUCTION_MISSED,INSTRUCTION_COVERED,BRANCH_MISSED,BRANCH_COVERED,LINE_MISSED,LINE_COVERED,COMPLEXITY_MISSED,COMPLEXITY_COVERED,METHOD_MISSED,METHOD_COVERED
billing,natwest.billing,CompDemo,19,0,0,0,5,0,3,0,3,0
billing,natwest.billing,Demo1,23,0,0,0,7,0,2,0,2,0
billing,natwest.billing,Holiday,37,0,0,0,12,0,5,0,5,0
billing,natwest.billing,CheckNumber,19,0,2,0,7,0,3,0,2,0
billing,natwest.billing,Demo2,30,0,0,0,7,0,2,0,2,0
billing,natwest.billing,Container2,21,0,0,0,6,0,3,0,3,0
billing,natwest.billing,Demo3,54,0,0,0,16,0,3,0,3,0
